0 info it worked if it ends with ok
1 verbose cli [ '/usr/bin/node', '/usr/bin/npm', 'run', 'server' ]
2 info using npm@2.11.3
3 info using node@v0.12.7
4 verbose node symlink /usr/bin/node
5 verbose run-script [ 'preserver', 'server', 'postserver' ]
6 info preserver server-side-rendering@1.0.0
7 info server server-side-rendering@1.0.0
8 verbose unsafe-perm in lifecycle true
9 info server-side-rendering@1.0.0 Failed to exec server script
10 verbose stack Error: server-side-rendering@1.0.0 server: `node bootstrap.js`
10 verbose stack Exit status 1
10 verbose stack     at EventEmitter.<anonymous> (/usr/lib/node_modules/npm/lib/utils/lifecycle.js:213:16)
10 verbose stack     at EventEmitter.emit (events.js:110:17)
10 verbose stack     at ChildProcess.<anonymous> (/usr/lib/node_modules/npm/lib/utils/spawn.js:24:14)
10 verbose stack     at ChildProcess.emit (events.js:110:17)
10 verbose stack     at maybeClose (child_process.js:1015:16)
10 verbose stack     at Process.ChildProcess._handle.onexit (child_process.js:1087:5)
11 verbose pkgid server-side-rendering@1.0.0
12 verbose cwd /home/tam/Learning/scala/server_side_rendering/frontend
13 error Linux 3.16.0-41-generic
14 error argv "/usr/bin/node" "/usr/bin/npm" "run" "server"
15 error node v0.12.7
16 error npm  v2.11.3
17 error code ELIFECYCLE
18 error server-side-rendering@1.0.0 server: `node bootstrap.js`
18 error Exit status 1
19 error Failed at the server-side-rendering@1.0.0 server script 'node bootstrap.js'.
19 error This is most likely a problem with the server-side-rendering package,
19 error not with npm itself.
19 error Tell the author that this fails on your system:
19 error     node bootstrap.js
19 error You can get their info via:
19 error     npm owner ls server-side-rendering
19 error There is likely additional logging output above.
20 verbose exit [ 1, true ]
